Data loaded: there are 100000 images.
model and optimizer are ready.
Starting clippo training !
Traceback (most recent call last):
  File "/home/temp/miniconda3/envs/stanford_env/lib/python3.9/site-packages/torch/utils/data/dataloader.py", line 1120, in _try_get_data
    data = self._data_queue.get(timeout=timeout)
  File "/home/temp/miniconda3/envs/stanford_env/lib/python3.9/queue.py", line 180, in get
    self.not_empty.wait(remaining)
  File "/home/temp/miniconda3/envs/stanford_env/lib/python3.9/threading.py", line 316, in wait
    gotit = waiter.acquire(True, timeout)
  File "/home/temp/miniconda3/envs/stanford_env/lib/python3.9/site-packages/torch/utils/data/_utils/signal_handling.py", line 66, in handler
    _error_if_any_worker_fails()
RuntimeError: DataLoader worker (pid 1579806) is killed by signal: Killed.
The above exception was the direct cause of the following exception:
Traceback (most recent call last):
  File "/home/temp/Desktop/KD/CLIPPO/train.py", line 164, in <module>
    main(args)
  File "/home/temp/Desktop/KD/CLIPPO/train.py", line 124, in main
    loss = train_one_epoch(clippo, data_loader, optimizer,
  File "/home/temp/Desktop/KD/CLIPPO/train.py", line 20, in train_one_epoch
    for images, text in data_loader:
  File "/home/temp/miniconda3/envs/stanford_env/lib/python3.9/site-packages/torch/utils/data/dataloader.py", line 628, in __next__
    data = self._next_data()
  File "/home/temp/miniconda3/envs/stanford_env/lib/python3.9/site-packages/torch/utils/data/dataloader.py", line 1316, in _next_data
    idx, data = self._get_data()
  File "/home/temp/miniconda3/envs/stanford_env/lib/python3.9/site-packages/torch/utils/data/dataloader.py", line 1272, in _get_data
    success, data = self._try_get_data()
  File "/home/temp/miniconda3/envs/stanford_env/lib/python3.9/site-packages/torch/utils/data/dataloader.py", line 1133, in _try_get_data
    raise RuntimeError('DataLoader worker (pid(s) {}) exited unexpectedly'.format(pids_str)) from e
RuntimeError: DataLoader worker (pid(s) 1579806) exited unexpectedly